Using pre-set license
Built from '2021.3/staging' branch; Version is '2021.3.15f1 (e8e88683f834) revision 15263878'; Using compiler version '192829333'; Build Type 'Release'
OS: 'Windows 10  (10.0.19044) 64bit Core' Language: 'fr' Physical Memory: 15790 MB
BatchMode: 1, IsHumanControllingUs: 0, StartBugReporterOnCrash: 0, Is64bit: 1, IsPro: 1

COMMAND LINE ARGUMENTS:
C:\Program Files\Unity\Hub\Editor\2021.3.15f1\Editor\Unity.exe
-adb2
-batchMode
-noUpm
-name
AssetImportWorker2
-projectPath
C:/Users/kylia/Documents/GitHub/SeriousGame-V1/SeriousGame
-logFile
Logs/AssetImportWorker2.log
-srvPort
62472
Successfully changed project path to: C:/Users/kylia/Documents/GitHub/SeriousGame-V1/SeriousGame
C:/Users/kylia/Documents/GitHub/SeriousGame-V1/SeriousGame
[UnityMemory] Configuration Parameters - Can be set up in boot.config
    "memorysetup-bucket-allocator-granularity=16"
    "memorysetup-bucket-allocator-bucket-count=8"
    "memorysetup-bucket-allocator-block-size=33554432"
    "memorysetup-bucket-allocator-block-count=8"
    "memorysetup-main-allocator-block-size=16777216"
    "memorysetup-thread-allocator-block-size=16777216"
    "memorysetup-gfx-main-allocator-block-size=16777216"
    "memorysetup-gfx-thread-allocator-block-size=16777216"
    "memorysetup-cache-allocator-block-size=4194304"
    "memorysetup-typetree-allocator-block-size=2097152"
    "memorysetup-profiler-bucket-allocator-granularity=16"
    "memorysetup-profiler-bucket-allocator-bucket-count=8"
    "memorysetup-profiler-bucket-allocator-block-size=33554432"
    "memorysetup-profiler-bucket-allocator-block-count=8"
    "memorysetup-profiler-allocator-block-size=16777216"
    "memorysetup-profiler-editor-allocator-block-size=1048576"
    "memorysetup-temp-allocator-size-main=16777216"
    "memorysetup-job-temp-allocator-block-size=2097152"
    "memorysetup-job-temp-allocator-block-size-background=1048576"
    "memorysetup-job-temp-allocator-reduction-small-platforms=262144"
    "memorysetup-temp-allocator-size-background-worker=32768"
    "memorysetup-temp-allocator-size-job-worker=262144"
    "memorysetup-temp-allocator-size-preload-manager=33554432"
    "memorysetup-temp-allocator-size-nav-mesh-worker=65536"
    "memorysetup-temp-allocator-size-audio-worker=65536"
    "memorysetup-temp-allocator-size-cloud-worker=32768"
    "memorysetup-temp-allocator-size-gi-baking-worker=262144"
    "memorysetup-temp-allocator-size-gfx=262144"
Player connection [6256] Host "[IP] 192.168.1.23 [Port] 0 [Flags] 2 [Guid] 1796668167 [EditorId] 1796668167 [Version] 1048832 [Id] WindowsEditor(7,LAPTOP-A4PAJK00) [Debug] 1 [PackageName] WindowsEditor [ProjectName] Editor" joined multi-casting on [225.0.0.222:54997]...

Player connection [6256] Host "[IP] 192.168.1.23 [Port] 0 [Flags] 2 [Guid] 1796668167 [EditorId] 1796668167 [Version] 1048832 [Id] WindowsEditor(7,LAPTOP-A4PAJK00) [Debug] 1 [PackageName] WindowsEditor [ProjectName] Editor" joined alternative multi-casting on [225.0.0.222:34997]...

Refreshing native plugins compatible for Editor in 103.98 ms, found 3 plugins.
Preloading 0 native plugins for Editor in 0.00 ms.
Initialize engine version: 2021.3.15f1 (e8e88683f834)
[Subsystems] Discovering subsystems at path C:/Program Files/Unity/Hub/Editor/2021.3.15f1/Editor/Data/Resources/UnitySubsystems
[Subsystems] Discovering subsystems at path C:/Users/kylia/Documents/GitHub/SeriousGame-V1/SeriousGame/Assets
GfxDevice: creating device client; threaded=0; jobified=0
Direct3D:
    Version:  Direct3D 11.0 [level 11.1]
    Renderer: NVIDIA GeForce RTX 3070 Laptop GPU (ID=0x249d)
    Vendor:   NVIDIA
    VRAM:     8033 MB
    Driver:   31.0.15.2737
Initialize mono
Mono path[0] = 'C:/Program Files/Unity/Hub/Editor/2021.3.15f1/Editor/Data/Managed'
Mono path[1] = 'C:/Program Files/Unity/Hub/Editor/2021.3.15f1/Editor/Data/MonoBleedingEdge/lib/mono/unityjit-win32'
Mono config path = 'C:/Program Files/Unity/Hub/Editor/2021.3.15f1/Editor/Data/MonoBleedingEdge/etc'
Using monoOptions --debugger-agent=transport=dt_socket,embedding=1,server=y,suspend=n,address=127.0.0.1:56592
Begin MonoManager ReloadAssembly
Registering precompiled unity dll's ...
Register platform support module: C:/Program Files/Unity/Hub/Editor/2021.3.15f1/Editor/Data/PlaybackEngines/AndroidPlayer/UnityEditor.Android.Extensions.dll
Register platform support module: C:/Program Files/Unity/Hub/Editor/2021.3.15f1/Editor/Data/PlaybackEngines/WindowsStandaloneSupport/UnityEditor.WindowsStandalone.Extensions.dll
Registered in 0.007467 seconds.
Native extension for WindowsStandalone target not found
Native extension for Android target not found
Refreshing native plugins compatible for Editor in 81.16 ms, found 3 plugins.
Preloading 0 native plugins for Editor in 0.00 ms.
Mono: successfully reloaded assembly
- Completed reload, in  0.548 seconds
Domain Reload Profiling:
	ReloadAssembly (548ms)
		BeginReloadAssembly (73ms)
			ExecutionOrderSort (0ms)
			DisableScriptedObjects (0ms)
			BackupInstance (0ms)
			ReleaseScriptingObjects (0ms)
			CreateAndSetChildDomain (1ms)
		EndReloadAssembly (382ms)
			LoadAssemblies (71ms)
			RebuildTransferFunctionScriptingTraits (0ms)
			SetupTypeCache (81ms)
			ReleaseScriptCaches (0ms)
			RebuildScriptCaches (20ms)
			SetupLoadedEditorAssemblies (239ms)
				LogAssemblyErrors (0ms)
				InitializePlatformSupportModulesInManaged (45ms)
				SetLoadedEditorAssemblies (0ms)
				RefreshPlugins (81ms)
				BeforeProcessingInitializeOnLoad (3ms)
				ProcessInitializeOnLoadAttributes (76ms)
				ProcessInitializeOnLoadMethodAttributes (34ms)
				AfterProcessingInitializeOnLoad (0ms)
				EditorAssembliesLoaded (0ms)
			ExecutionOrderSort2 (0ms)
			AwakeInstancesAfterBackupRestoration (0ms)
Platform modules already initialized, skipping
Registering precompiled user dll's ...
Registered in 0.006316 seconds.
Begin MonoManager ReloadAssembly
Symbol file LoadedFromMemory doesn't match image C:\Users\kylia\Documents\GitHub\SeriousGame-V1\SeriousGame\Library\PackageCache\com.unity.visualscripting@1.7.8\Editor\VisualScripting.Core\Dependencies\YamlDotNet\Unity.VisualScripting.YamlDotNet.dll
Symbol file LoadedFromMemory doesn't match image C:\Users\kylia\Documents\GitHub\SeriousGame-V1\SeriousGame\Library\PackageCache\com.unity.visualscripting@1.7.8\Editor\VisualScripting.Core\Dependencies\DotNetZip\Unity.VisualScripting.IonicZip.dll
Native extension for WindowsStandalone target not found
Native extension for Android target not found
Refreshing native plugins compatible for Editor in 83.08 ms, found 3 plugins.
Preloading 0 native plugins for Editor in 0.00 ms.
Mono: successfully reloaded assembly
Package Manager log level set to [2]
- Completed reload, in  1.145 seconds
Domain Reload Profiling:
	ReloadAssembly (1146ms)
		BeginReloadAssembly (197ms)
			ExecutionOrderSort (0ms)
			DisableScriptedObjects (6ms)
			BackupInstance (0ms)
			ReleaseScriptingObjects (0ms)
			CreateAndSetChildDomain (119ms)
		EndReloadAssembly (857ms)
			LoadAssemblies (86ms)
			RebuildTransferFunctionScriptingTraits (0ms)
			SetupTypeCache (191ms)
			ReleaseScriptCaches (1ms)
			RebuildScriptCaches (46ms)
			SetupLoadedEditorAssemblies (494ms)
				LogAssemblyErrors (0ms)
				InitializePlatformSupportModulesInManaged (11ms)
				SetLoadedEditorAssemblies (0ms)
				RefreshPlugins (83ms)
				BeforeProcessingInitializeOnLoad (92ms)
				ProcessInitializeOnLoadAttributes (280ms)
				ProcessInitializeOnLoadMethodAttributes (19ms)
				AfterProcessingInitializeOnLoad (9ms)
				EditorAssembliesLoaded (0ms)
			ExecutionOrderSort2 (0ms)
			AwakeInstancesAfterBackupRestoration (4ms)
Platform modules already initialized, skipping
========================================================================
Worker process is ready to serve import requests
Launched and connected shader compiler UnityShaderCompiler.exe after 0.04 seconds
Refreshing native plugins compatible for Editor in 0.96 ms, found 3 plugins.
Preloading 0 native plugins for Editor in 0.00 ms.
Unloading 4579 Unused Serialized files (Serialized files now loaded: 0)
Unloading 73 unused Assets / (1.5 MB). Loaded Objects now: 5053.
Memory consumption went from 263.2 MB to 261.7 MB.
Total: 3.306900 ms (FindLiveObjects: 0.296000 ms CreateObjectMapping: 0.106000 ms MarkObjects: 2.566900 ms  DeleteObjects: 0.337200 ms)

AssetImportParameters requested are different than current active one (requested -> active):
  custom:video-decoder-ogg-theora: a1e56fd34408186e4bbccfd4996cb3dc -> 
  custom:container-muxer-webm: aa71ff27fc2769a1b78a27578f13a17b -> 
  custom:container-demuxer-webm: 4f35f7cbe854078d1ac9338744f61a02 -> 
  custom:video-encoder-webm-vp8: eb34c28f22e8b96e1ab97ce403110664 -> 
  custom:video-codec-MediaFoundation-h265: 746d11721c4dcdbdad8f713fa42b33f4 -> 
  custom:audio-encoder-webm-vorbis: bf7c407c2cedff20999df2af8eb42d56 -> 
  custom:framework-win-MediaFoundation: 216162199b28c13a410421893ffa2e32 -> 
  custom:container-demuxer-ogg: 62fdf1f143b41e24485cea50d1cbac27 -> 
  custom:video-decoder-webm-vp8: 9c59270c3fd7afecdb556c50c9e8de78 -> 
  custom:audio-decoder-ogg-vorbis: bf7c407c2cedff20999df2af8eb42d56 -> 
========================================================================
Received Import Request.
  Time since last request: 252818.243453 seconds.
  path: Assets/Resources/titre seul.png
  artifactKey: Guid(978053e0435db9542bbd69fd28335d93) Importer(815301076,1909f56bfc062723c751e8b465ee728b)
Start importing Assets/Resources/titre seul.png using Guid(978053e0435db9542bbd69fd28335d93) Importer(815301076,1909f56bfc062723c751e8b465ee728b)  -> (artifact id: '13dda91e380513dd3f33412567848ae2') in 0.084208 seconds 
========================================================================
Received Import Request.
  Time since last request: 7.684755 seconds.
  path: Assets/Resources/titre seul.png
  artifactKey: Guid(978053e0435db9542bbd69fd28335d93) Importer(815301076,1909f56bfc062723c751e8b465ee728b)
Start importing Assets/Resources/titre seul.png using Guid(978053e0435db9542bbd69fd28335d93) Importer(815301076,1909f56bfc062723c751e8b465ee728b)  -> (artifact id: '63ec23b9eb918c47e030076b173c0da2') in 0.013055 seconds 
========================================================================
Received Import Request.
  Time since last request: 3.556965 seconds.
  path: Assets/Resources/titre seul.png
  artifactKey: Guid(978053e0435db9542bbd69fd28335d93) Importer(815301076,1909f56bfc062723c751e8b465ee728b)
Start importing Assets/Resources/titre seul.png using Guid(978053e0435db9542bbd69fd28335d93) Importer(815301076,1909f56bfc062723c751e8b465ee728b)  -> (artifact id: 'a82ca583f2d51d2e18913eeac1db7e44') in 0.052472 seconds 
========================================================================
Received Import Request.
  Time since last request: 56.320930 seconds.
  path: Assets/Adaptive Performance/AdaptivePerformanceGeneralSettings.asset
  artifactKey: Guid(2f1da74eede11d147b0f4c390a619309) Importer(815301076,1909f56bfc062723c751e8b465ee728b)
Start importing Assets/Adaptive Performance/AdaptivePerformanceGeneralSettings.asset using Guid(2f1da74eede11d147b0f4c390a619309) Importer(815301076,1909f56bfc062723c751e8b465ee728b)  -> (artifact id: 'ae0936758ceadc048c3f6168a94156ad') in 0.013463 seconds 
========================================================================
Received Import Request.
  Time since last request: 6.939412 seconds.
  path: Assets/Scenes/Grid Testing.unity
  artifactKey: Guid(149afa173c00a52489022147854a558b) Importer(815301076,1909f56bfc062723c751e8b465ee728b)
Start importing Assets/Scenes/Grid Testing.unity using Guid(149afa173c00a52489022147854a558b) Importer(815301076,1909f56bfc062723c751e8b465ee728b)  -> (artifact id: '56d30d9b6db74ac5bf60a7d0a4f13710') in 0.005981 seconds 
========================================================================
Received Import Request.
  Time since last request: 0.730740 seconds.
  path: Assets/Scenes/Game.unity
  artifactKey: Guid(c850ee8c3b14cc8459e7e186857cf567) Importer(815301076,1909f56bfc062723c751e8b465ee728b)
Start importing Assets/Scenes/Game.unity using Guid(c850ee8c3b14cc8459e7e186857cf567) Importer(815301076,1909f56bfc062723c751e8b465ee728b)  -> (artifact id: '05051f3e923c32c0b00f951b0aa1a8af') in 0.005873 seconds 
========================================================================
Received Import Request.
  Time since last request: 252.573868 seconds.
  path: Assets/SimpleNaturePack/Textures
  artifactKey: Guid(2d44b6cffc02046488649c55d0f4d79e) Importer(815301076,1909f56bfc062723c751e8b465ee728b)
Start importing Assets/SimpleNaturePack/Textures using Guid(2d44b6cffc02046488649c55d0f4d79e) Importer(815301076,1909f56bfc062723c751e8b465ee728b)  -> (artifact id: 'b5ddd0e98065634d8b49df7ea901d1f3') in 0.005736 seconds 
========================================================================
Received Import Request.
  Time since last request: 0.603906 seconds.
  path: Assets/SimpleNaturePack/Prefabs/Branch_01.prefab
  artifactKey: Guid(b9de24523a11d714db3851b5f0f9d527) Importer(815301076,1909f56bfc062723c751e8b465ee728b)
Start importing Assets/SimpleNaturePack/Prefabs/Branch_01.prefab using Guid(b9de24523a11d714db3851b5f0f9d527) Importer(815301076,1909f56bfc062723c751e8b465ee728b)  -> (artifact id: '87280baacae67e469189935a6a6eac7b') in 0.081449 seconds 
========================================================================
Received Import Request.
  Time since last request: 0.000025 seconds.
  path: Assets/SimpleNaturePack/Prefabs/Grass_01.prefab
  artifactKey: Guid(f1fc5bb90ac285e4486771552d63bcb8) Importer(815301076,1909f56bfc062723c751e8b465ee728b)
Start importing Assets/SimpleNaturePack/Prefabs/Grass_01.prefab using Guid(f1fc5bb90ac285e4486771552d63bcb8) Importer(815301076,1909f56bfc062723c751e8b465ee728b)  -> (artifact id: '5b011ecacca1c7f593d8a9ef21fecdf6') in 0.029366 seconds 
========================================================================
Received Import Request.
  Time since last request: 0.000034 seconds.
  path: Assets/SimpleNaturePack/Prefabs/Rock_02.prefab
  artifactKey: Guid(cebfacc247a640945a2c30b442202fca) Importer(815301076,1909f56bfc062723c751e8b465ee728b)
Start importing Assets/SimpleNaturePack/Prefabs/Rock_02.prefab using Guid(cebfacc247a640945a2c30b442202fca) Importer(815301076,1909f56bfc062723c751e8b465ee728b)  -> (artifact id: 'd4a8326b896a8829250d68ddaf6a2804') in 0.026044 seconds 
========================================================================
Received Import Request.
  Time since last request: 0.000031 seconds.
  path: Assets/SimpleNaturePack/Prefabs/Tree_04.prefab
  artifactKey: Guid(f0c16f0ea935ea64297ca1d4d55d9746) Importer(815301076,1909f56bfc062723c751e8b465ee728b)
Start importing Assets/SimpleNaturePack/Prefabs/Tree_04.prefab using Guid(f0c16f0ea935ea64297ca1d4d55d9746) Importer(815301076,1909f56bfc062723c751e8b465ee728b)  -> (artifact id: '1292d986bade76bb8a2ec629061eb217') in 0.038626 seconds 
========================================================================
Received Import Request.
  Time since last request: 0.000027 seconds.
  path: Assets/SimpleNaturePack/Prefabs/Mushroom_01.prefab
  artifactKey: Guid(ff62b58c5a9ea164fa8ddf8038e10cd1) Importer(815301076,1909f56bfc062723c751e8b465ee728b)
Start importing Assets/SimpleNaturePack/Prefabs/Mushroom_01.prefab using Guid(ff62b58c5a9ea164fa8ddf8038e10cd1) Importer(815301076,1909f56bfc062723c751e8b465ee728b)  -> (artifact id: 'cce9e3045f62a6c671791daa110bfc07') in 0.033535 seconds 
========================================================================
Received Import Request.
  Time since last request: 0.000030 seconds.
  path: Assets/SimpleNaturePack/Prefabs/Flowers_01.prefab
  artifactKey: Guid(ac8efb728f1fb9b4092c4df591c827ca) Importer(815301076,1909f56bfc062723c751e8b465ee728b)
Start importing Assets/SimpleNaturePack/Prefabs/Flowers_01.prefab using Guid(ac8efb728f1fb9b4092c4df591c827ca) Importer(815301076,1909f56bfc062723c751e8b465ee728b)  -> (artifact id: '64aa608a9f6cfbfeb69520cd72dbbd14') in 0.028114 seconds 
========================================================================
Received Import Request.
  Time since last request: 0.000020 seconds.
  path: Assets/SimpleNaturePack/Prefabs/Stump_01.prefab
  artifactKey: Guid(eebb56c82efbd8d4bb0eb6bd925a0e9d) Importer(815301076,1909f56bfc062723c751e8b465ee728b)
Start importing Assets/SimpleNaturePack/Prefabs/Stump_01.prefab using Guid(eebb56c82efbd8d4bb0eb6bd925a0e9d) Importer(815301076,1909f56bfc062723c751e8b465ee728b)  -> (artifact id: 'a7bfc604c2d504ee5afb879741080663') in 0.028049 seconds 
========================================================================
Received Import Request.
  Time since last request: 0.000024 seconds.
  path: Assets/SimpleNaturePack/Prefabs/Tree_02.prefab
  artifactKey: Guid(e289bf5debb17f6459818c207d781953) Importer(815301076,1909f56bfc062723c751e8b465ee728b)
Start importing Assets/SimpleNaturePack/Prefabs/Tree_02.prefab using Guid(e289bf5debb17f6459818c207d781953) Importer(815301076,1909f56bfc062723c751e8b465ee728b)  -> (artifact id: '0b482637a15e64b72a66a950f0a786e8') in 0.030523 seconds 
========================================================================
Received Import Request.
  Time since last request: 0.000027 seconds.
  path: Assets/SimpleNaturePack/Prefabs/Rock_01.prefab
  artifactKey: Guid(c6308cb7062fac34e8e50600086b12a1) Importer(815301076,1909f56bfc062723c751e8b465ee728b)
Start importing Assets/SimpleNaturePack/Prefabs/Rock_01.prefab using Guid(c6308cb7062fac34e8e50600086b12a1) Importer(815301076,1909f56bfc062723c751e8b465ee728b)  -> (artifact id: 'b6f3e4e99f37e66dd7f7aca462a16e80') in 0.028169 seconds 
========================================================================
Received Import Request.
  Time since last request: 0.000031 seconds.
  path: Assets/SimpleNaturePack/Prefabs/Tree_03.prefab
  artifactKey: Guid(c60edd51c065ceb46b345849a03bc106) Importer(815301076,1909f56bfc062723c751e8b465ee728b)
Start importing Assets/SimpleNaturePack/Prefabs/Tree_03.prefab using Guid(c60edd51c065ceb46b345849a03bc106) Importer(815301076,1909f56bfc062723c751e8b465ee728b)  -> (artifact id: 'd777e729973cc808e4da3692c5023747') in 0.029767 seconds 
========================================================================
Received Import Request.
  Time since last request: 0.000036 seconds.
  path: Assets/SimpleNaturePack/Prefabs/Tree_05.prefab
  artifactKey: Guid(60f79905accf3b24fa0114b941f1aac0) Importer(815301076,1909f56bfc062723c751e8b465ee728b)
Start importing Assets/SimpleNaturePack/Prefabs/Tree_05.prefab using Guid(60f79905accf3b24fa0114b941f1aac0) Importer(815301076,1909f56bfc062723c751e8b465ee728b)  -> (artifact id: '9918fae2722d62ae27d2b68eccade5ee') in 0.027766 seconds 
========================================================================
Received Import Request.
  Time since last request: 0.000025 seconds.
  path: Assets/SimpleNaturePack/Prefabs/Bush_02.prefab
  artifactKey: Guid(b71b0f8d2f881c743a85228f3030d1cb) Importer(815301076,1909f56bfc062723c751e8b465ee728b)
Start importing Assets/SimpleNaturePack/Prefabs/Bush_02.prefab using Guid(b71b0f8d2f881c743a85228f3030d1cb) Importer(815301076,1909f56bfc062723c751e8b465ee728b)  -> (artifact id: '4293b114ba075d35359cc3bc59cb9b04') in 0.025830 seconds 
========================================================================
Received Import Request.
  Time since last request: 118.150750 seconds.
  path: Assets/SimpleNaturePack/Prefabs/Grass_01 1.prefab
  artifactKey: Guid(1f3e0744ca15abf4cb33d073a957ac2a) Importer(815301076,1909f56bfc062723c751e8b465ee728b)
Start importing Assets/SimpleNaturePack/Prefabs/Grass_01 1.prefab using Guid(1f3e0744ca15abf4cb33d073a957ac2a) Importer(815301076,1909f56bfc062723c751e8b465ee728b)  -> (artifact id: '07edc1760c41f357d71959f887b7309f') in 0.024377 seconds 
========================================================================
Received Import Request.
  Time since last request: 160.252981 seconds.
  path: Assets/Handpainted_Grass_and_Ground_Textures/Demo/Materials/Material_snow_normal_step_005.mat
  artifactKey: Guid(4137ee59c472e1949905165f0bd1f9dc) Importer(815301076,1909f56bfc062723c751e8b465ee728b)
Start importing Assets/Handpainted_Grass_and_Ground_Textures/Demo/Materials/Material_snow_normal_step_005.mat using Guid(4137ee59c472e1949905165f0bd1f9dc) Importer(815301076,1909f56bfc062723c751e8b465ee728b)  -> (artifact id: 'a1a0a88bcfcb06505caad6e45c86a850') in 0.097304 seconds 
========================================================================
Received Import Request.
  Time since last request: 0.000032 seconds.
  path: Assets/SimpleNaturePack/Materials/SimpleNaturePack_Texture_01.mat
  artifactKey: Guid(93caadf4359ae8143aad35b3145d31af) Importer(815301076,1909f56bfc062723c751e8b465ee728b)
Start importing Assets/SimpleNaturePack/Materials/SimpleNaturePack_Texture_01.mat using Guid(93caadf4359ae8143aad35b3145d31af) Importer(815301076,1909f56bfc062723c751e8b465ee728b)  -> (artifact id: 'f5fe2406ea65a77dd4f52eaf926574e6') in 0.020353 seconds 
========================================================================
Received Import Request.
  Time since last request: 0.000026 seconds.
  path: Assets/Handpainted_Grass_and_Ground_Textures/Demo/Materials/Material_snow_super_dark_step_003.mat
  artifactKey: Guid(e2c61f76e917ea543addd335549ea4c1) Importer(815301076,1909f56bfc062723c751e8b465ee728b)
Start importing Assets/Handpainted_Grass_and_Ground_Textures/Demo/Materials/Material_snow_super_dark_step_003.mat using Guid(e2c61f76e917ea543addd335549ea4c1) Importer(815301076,1909f56bfc062723c751e8b465ee728b)  -> (artifact id: '036776dddabda4fcabcb47e4b06a7d44') in 0.064640 seconds 
========================================================================
Received Import Request.
  Time since last request: 0.000032 seconds.
  path: Packages/com.unity.probuilder/Content/Resources/Materials/ProBuilderDefault.mat
  artifactKey: Guid(c22777d6e868e4f2fb421913386b154e) Importer(815301076,1909f56bfc062723c751e8b465ee728b)
Start importing Packages/com.unity.probuilder/Content/Resources/Materials/ProBuilderDefault.mat using Guid(c22777d6e868e4f2fb421913386b154e) Importer(815301076,1909f56bfc062723c751e8b465ee728b)  -> (artifact id: '74922e4a39d1f189e4b4f570f7434b66') in 0.242565 seconds 
========================================================================
Received Import Request.
  Time since last request: 0.000042 seconds.
  path: Assets/Handpainted_Grass_and_Ground_Textures/Demo/Materials/Material_snow_super_dark.mat
  artifactKey: Guid(8238f9cb92f317f489275362a7e5e6b6) Importer(815301076,1909f56bfc062723c751e8b465ee728b)
Start importing Assets/Handpainted_Grass_and_Ground_Textures/Demo/Materials/Material_snow_super_dark.mat using Guid(8238f9cb92f317f489275362a7e5e6b6) Importer(815301076,1909f56bfc062723c751e8b465ee728b)  -> (artifact id: 'e1ebec9fb85206efb58885f59cf806a9') in 0.063186 seconds 
========================================================================
Received Import Request.
  Time since last request: 0.000052 seconds.
  path: Assets/Handpainted_Grass_and_Ground_Textures/Demo/Materials/Material_snow_super_dark_step_008.mat
  artifactKey: Guid(27593d9967611354199307d3c00ae66a) Importer(815301076,1909f56bfc062723c751e8b465ee728b)
Start importing Assets/Handpainted_Grass_and_Ground_Textures/Demo/Materials/Material_snow_super_dark_step_008.mat using Guid(27593d9967611354199307d3c00ae66a) Importer(815301076,1909f56bfc062723c751e8b465ee728b)  -> (artifact id: 'e03a076bd4b23e7e5f93076bbfca0d37') in 0.071836 seconds 
========================================================================
Received Import Request.
  Time since last request: 0.000031 seconds.
  path: Assets/Handpainted_Grass_and_Ground_Textures/Demo/Materials/Material_snow_super_dark_step_004.mat
  artifactKey: Guid(5e9ad28433587f74ca570aadedc565b5) Importer(815301076,1909f56bfc062723c751e8b465ee728b)
Start importing Assets/Handpainted_Grass_and_Ground_Textures/Demo/Materials/Material_snow_super_dark_step_004.mat using Guid(5e9ad28433587f74ca570aadedc565b5) Importer(815301076,1909f56bfc062723c751e8b465ee728b)  -> (artifact id: 'ba70fd659f8c28940694756ad533ce03') in 0.066719 seconds 
========================================================================
Received Import Request.
  Time since last request: 0.000030 seconds.
  path: Assets/Handpainted_Grass_and_Ground_Textures/Demo/Materials/Material_snow_normal_step_007.mat
  artifactKey: Guid(48202fb674240d64c8264e0318e2c937) Importer(815301076,1909f56bfc062723c751e8b465ee728b)
Start importing Assets/Handpainted_Grass_and_Ground_Textures/Demo/Materials/Material_snow_normal_step_007.mat using Guid(48202fb674240d64c8264e0318e2c937) Importer(815301076,1909f56bfc062723c751e8b465ee728b)  -> (artifact id: '1f16eec4e03f4f629e2d79b5985c5ebd') in 0.060530 seconds 
========================================================================
Received Import Request.
  Time since last request: 0.113839 seconds.
  path: Assets/CodeMonkey/Assets/White_1x1.mat
  artifactKey: Guid(7d5e8e2c082a4c44a9abd7d650cf0a15) Importer(815301076,1909f56bfc062723c751e8b465ee728b)
Start importing Assets/CodeMonkey/Assets/White_1x1.mat using Guid(7d5e8e2c082a4c44a9abd7d650cf0a15) Importer(815301076,1909f56bfc062723c751e8b465ee728b)  -> (artifact id: '5ce7d262d5961e03c1fb9ab1b4480ab2') in 0.040101 seconds 
Editor requested this worker to shutdown with reason: Scaling down because of idle timeout
AssetImportWorker is now disconnected from the server
Process exiting
Exiting without the bug reporter. Application will terminate with return code 0